{"/home/mike/Web-Development/testing/calculator.js": {"path":"/home/mike/Web-Development/testing/calculator.js","statementMap":{"0":{"start":{"line":5,"column":2},"end":{"line":5,"column":19}},"1":{"start":{"line":6,"column":2},"end":{"line":6,"column":19}},"2":{"start":{"line":10,"column":2},"end":{"line":10,"column":31}},"3":{"start":{"line":14,"column":2},"end":{"line":14,"column":31}},"4":{"start":{"line":18,"column":2},"end":{"line":18,"column":31}},"5":{"start":{"line":22,"column":2},"end":{"line":22,"column":31}},"6":{"start":{"line":26,"column":0},"end":{"line":26,"column":28}}},"fnMap":{"0":{"name":"(anonymous_0)","decl":{"start":{"line":4,"column":1},"end":{"line":4,"column":2}},"loc":{"start":{"line":4,"column":25},"end":{"line":7,"column":2}},"line":4},"1":{"name":"(anonymous_1)","decl":{"start":{"line":9,"column":1},"end":{"line":9,"column":2}},"loc":{"start":{"line":9,"column":17},"end":{"line":11,"column":2}},"line":9},"2":{"name":"(anonymous_2)","decl":{"start":{"line":13,"column":1},"end":{"line":13,"column":2}},"loc":{"start":{"line":13,"column":12},"end":{"line":15,"column":2}},"line":13},"3":{"name":"(anonymous_3)","decl":{"start":{"line":17,"column":1},"end":{"line":17,"column":2}},"loc":{"start":{"line":17,"column":10},"end":{"line":19,"column":2}},"line":17},"4":{"name":"(anonymous_4)","decl":{"start":{"line":21,"column":1},"end":{"line":21,"column":2}},"loc":{"start":{"line":21,"column":12},"end":{"line":23,"column":2}},"line":21}},"branchMap":{},"s":{"0":2,"1":2,"2":3,"3":3,"4":3,"5":3,"6":1},"f":{"0":2,"1":3,"2":3,"3":3,"4":3},"b":{},"_coverageSchema":"1a1c01bbd47fc00a2c39e90264f33305004495a9","hash":"c41164da7ea0ce4ac0f4570abe3f9047af8af6c8"}
,"/home/mike/Web-Development/testing/capitalize.js": {"path":"/home/mike/Web-Development/testing/capitalize.js","statementMap":{"0":{"start":{"line":5,"column":2},"end":{"line":5,"column":75}},"1":{"start":{"line":6,"column":1},"end":{"line":6,"column":19}},"2":{"start":{"line":9,"column":0},"end":{"line":9,"column":28}}},"fnMap":{"0":{"name":"capitalize","decl":{"start":{"line":3,"column":9},"end":{"line":3,"column":19}},"loc":{"start":{"line":3,"column":28},"end":{"line":7,"column":1}},"line":3}},"branchMap":{},"s":{"0":1,"1":1,"2":1},"f":{"0":1},"b":{},"_coverageSchema":"1a1c01bbd47fc00a2c39e90264f33305004495a9","hash":"2550ca9bb35b7fde7e53a2680c750a1c5aef2968"}
,"/home/mike/Web-Development/testing/reverseString.js": {"path":"/home/mike/Web-Development/testing/reverseString.js","statementMap":{"0":{"start":{"line":3,"column":19},"end":{"line":3,"column":35}},"1":{"start":{"line":4,"column":1},"end":{"line":4,"column":37}},"2":{"start":{"line":5,"column":23},"end":{"line":5,"column":43}},"3":{"start":{"line":7,"column":1},"end":{"line":7,"column":24}},"4":{"start":{"line":10,"column":0},"end":{"line":10,"column":31}}},"fnMap":{"0":{"name":"reverseString","decl":{"start":{"line":2,"column":9},"end":{"line":2,"column":22}},"loc":{"start":{"line":2,"column":31},"end":{"line":8,"column":1}},"line":2}},"branchMap":{},"s":{"0":1,"1":1,"2":1,"3":1,"4":1},"f":{"0":1},"b":{},"_coverageSchema":"1a1c01bbd47fc00a2c39e90264f33305004495a9","hash":"c73726db3de5dbe8f950b2e9ca073f13ac07b29a"}
,"/home/mike/Web-Development/testing/stringLength.js": {"path":"/home/mike/Web-Development/testing/stringLength.js","statementMap":{"0":{"start":{"line":4,"column":1},"end":{"line":4,"column":22}},"1":{"start":{"line":7,"column":0},"end":{"line":7,"column":30}}},"fnMap":{"0":{"name":"stringLength","decl":{"start":{"line":3,"column":9},"end":{"line":3,"column":21}},"loc":{"start":{"line":3,"column":30},"end":{"line":5,"column":1}},"line":3}},"branchMap":{},"s":{"0":2,"1":1},"f":{"0":2},"b":{},"_coverageSchema":"1a1c01bbd47fc00a2c39e90264f33305004495a9","hash":"d59226b8532524ba963821d5a5494e97a95ca90e"}
}
