TN:
SF:calculator.js
FN:4,(anonymous_0)
FN:9,(anonymous_1)
FN:13,(anonymous_2)
FN:17,(anonymous_3)
FN:21,(anonymous_4)
FNF:5
FNH:5
FNDA:2,(anonymous_0)
FNDA:3,(anonymous_1)
FNDA:3,(anonymous_2)
FNDA:3,(anonymous_3)
FNDA:3,(anonymous_4)
DA:5,2
DA:6,2
DA:10,3
DA:14,3
DA:18,3
DA:22,3
DA:26,1
LF:7
LH:7
BRF:0
BRH:0
end_of_record
TN:
SF:capitalize.js
FN:3,capitalize
FNF:1
FNH:1
FNDA:1,capitalize
DA:5,1
DA:6,1
DA:9,1
LF:3
LH:3
BRF:0
BRH:0
end_of_record
TN:
SF:reverseString.js
FN:2,reverseString
FNF:1
FNH:1
FNDA:1,reverseString
DA:3,1
DA:4,1
DA:5,1
DA:7,1
DA:10,1
LF:5
LH:5
BRF:0
BRH:0
end_of_record
TN:
SF:stringLength.js
FN:3,stringLength
FNF:1
FNH:1
FNDA:2,stringLength
DA:4,2
DA:7,1
LF:2
LH:2
BRF:0
BRH:0
end_of_record
